<?xml version="1.0" encoding="UTF-8"?>
<testsuite xmlns:xsi="http://www.w3.org/2001/XMLSchema-instance" xsi:noNamespaceSchemaLocation="https://maven.apache.org/surefire/maven-surefire-plugin/xsd/surefire-test-report.xsd" name="redirectionTests" time="67.541" tests="4" errors="0" skipped="0" failures="0">
  <properties>
[...]
</properties>
  <testcase name="redirectToPersonalAccount" classname="redirectionTests" time="17.49"/>
  <testcase name="redirectFromPersonalAccountToConstructionWithLogoTest" classname="redirectionTests" time="16.592"/>
  <testcase name="redirectFromPersonalAccountToConstructionTest" classname="redirectionTests" time="17.066"/>
  <testcase name="redirectLogOutTest" classname="redirectionTests" time="16.393"/>
</testsuite>